Traveller Source Code/TRM Monitoring App/proguard/seeds.txt
com.bcits.cecsmrfinder.ArrearsRRnoListActivity
com.bcits.cecsmrfinder.ArrearsRRnoListActivity: ArrearsRRnoListActivity()
com.bcits.cecsmrfinder.ArrearsRRnoMapActivity
com.bcits.cecsmrfinder.ArrearsRRnoMapActivity: ArrearsRRnoMapActivity()
com.bcits.cecsmrfinder.ArrearsRange
com.bcits.cecsmrfinder.ArrearsRangeGridActivity
com.bcits.cecsmrfinder.ArrearsRangeGridActivity: ArrearsRangeGridActivity()
com.bcits.cecsmrfinder.BillingProgress
com.bcits.cecsmrfinder.BillingProgress: BillingProgress()
com.bcits.cecsmrfinder.ConsumerHistoryAllDetails
com.bcits.cecsmrfinder.ConsumerHistoryAllDetails: ConsumerHistoryAllDetails()
com.bcits.cecsmrfinder.ConsumerHistoryMapActivity
com.bcits.cecsmrfinder.ConsumerHistoryMapActivity: ConsumerHistoryMapActivity()
com.bcits.cecsmrfinder.ConsumerHistorySearch
com.bcits.cecsmrfinder.ConsumerHistorySearch: ConsumerHistorySearch()
com.bcits.cecsmrfinder.ContactUs
com.bcits.cecsmrfinder.ContactUs: ContactUs()
com.bcits.cecsmrfinder.Dashboard
com.bcits.cecsmrfinder.Dashboard: Dashboard()
com.bcits.cecsmrfinder.DetailedMRCardActivity
com.bcits.cecsmrfinder.DetailedMRCardActivity: DetailedMRCardActivity()
com.bcits.cecsmrfinder.DetailedMRReportGrid
com.bcits.cecsmrfinder.DetailedMRReportGrid: DetailedMRReportGrid()
com.bcits.cecsmrfinder.DetailedViewActivity
com.bcits.cecsmrfinder.DetailedViewActivity: DetailedViewActivity()
com.bcits.cecsmrfinder.DetailedViewActivityBilling
com.bcits.cecsmrfinder.DetailedViewActivityBilling: DetailedViewActivityBilling()
com.bcits.cecsmrfinder.DetailedViewActivityDeposit
com.bcits.cecsmrfinder.DetailedViewActivityDeposit: DetailedViewActivityDeposit()
com.bcits.cecsmrfinder.DetailedViewActivityMeter
com.bcits.cecsmrfinder.DetailedViewActivityMeter: DetailedViewActivityMeter()
com.bcits.cecsmrfinder.DetailedViewActivityMeterChange
com.bcits.cecsmrfinder.DetailedViewActivityMeterChange: DetailedViewActivityMeterChange()
com.bcits.cecsmrfinder.DetailedViewActivityPayment
com.bcits.cecsmrfinder.DetailedViewActivityPayment: DetailedViewActivityPayment()
com.bcits.cecsmrfinder.DeviceStatusAllDetails
com.bcits.cecsmrfinder.DeviceStatusAllDetails: DeviceStatusAllDetails()
com.bcits.cecsmrfinder.DeviceStatusSearch
com.bcits.cecsmrfinder.DeviceStatusSearch: DeviceStatusSearch()
com.bcits.cecsmrfinder.FloatingActionButton
com.bcits.cecsmrfinder.FloatingActionButton: FloatingActionButton(android.content.Context)
com.bcits.cecsmrfinder.FloatingActionButton: void setFloatingActionButtonColor(int)
com.bcits.cecsmrfinder.FloatingActionButton: void setFloatingActionButtonDrawable(android.graphics.drawable.Drawable)
com.bcits.cecsmrfinder.Login
com.bcits.cecsmrfinder.Login: Login()
com.bcits.cecsmrfinder.MapActivity
com.bcits.cecsmrfinder.MapActivity: MapActivity()
com.bcits.cecsmrfinder.MapSurvey
com.bcits.cecsmrfinder.MapSurvey: MapSurvey()
com.bcits.cecsmrfinder.MapSurveyArreas
com.bcits.cecsmrfinder.MapSurveyArreas: MapSurveyArreas()
com.bcits.cecsmrfinder.MapSurveyPerformance
com.bcits.cecsmrfinder.MapSurveyPerformance: MapSurveyPerformance()
com.bcits.cecsmrfinder.MrSummaryActivity
com.bcits.cecsmrfinder.MrSummaryActivity: MrSummaryActivity()
com.bcits.cecsmrfinder.R$array: int category
com.bcits.cecsmrfinder.R$array: int layers_array
com.bcits.cecsmrfinder.R$array: int loginCategory
com.bcits.cecsmrfinder.R$array: int subcategoryA
com.bcits.cecsmrfinder.R$array: int subcategoryB
com.bcits.cecsmrfinder.R$array: int subcategoryC
com.bcits.cecsmrfinder.R$array: int subcategoryD
com.bcits.cecsmrfinder.R$array: int subcategorynone
com.bcits.cecsmrfinder.R$array: int ticketstatus
...
com.google.android.gms.maps.internal.IUiSettingsDelegate$zza$zza
com.google.android.gms.maps.internal.MapLifecycleDelegate
com.google.android.gms.maps.internal.StreetViewLifecycleDelegate
com.google.android.gms.maps.internal.zza
com.google.android.gms.maps.internal.zzaa
com.google.android.gms.maps.internal.zzaa$zza
com.google.android.gms.maps.internal.zzaa$zza$zza
com.google.android.gms.maps.internal.zzab
com.google.android.gms.maps.internal.zzab$zza
com.google.android.gms.maps.internal.zzab$zza$zza
com.google.android.gms.maps.internal.zzac
com.google.android.gms.maps.internal.zzad
com.google.android.gms.maps.internal.zzb
com.google.android.gms.maps.internal.zzb$zza
com.google.android.gms.maps.internal.zzb$zza$zza
com.google.android.gms.maps.internal.zzc
com.google.android.gms.maps.internal.zzc$zza
com.google.android.gms.maps.internal.zzc$zza$zza
com.google.android.gms.maps.internal.zzd
com.google.android.gms.maps.internal.zzd$zza
com.google.android.gms.maps.internal.zzd$zza$zza
com.google.android.gms.maps.internal.zze
com.google.android.gms.maps.internal.zze$zza
com.google.android.gms.maps.internal.zze$zza$zza
com.google.android.gms.maps.internal.zzf
com.google.android.gms.maps.internal.zzf$zza
com.google.android.gms.maps.internal.zzf$zza$zza
com.google.android.gms.maps.internal.zzg
com.google.android.gms.maps.internal.zzg$zza
com.google.android.gms.maps.internal.zzg$zza$zza
com.google.android.gms.maps.internal.zzh
com.google.android.gms.maps.internal.zzh$zza
com.google.android.gms.maps.internal.zzh$zza$zza
com.google.android.gms.maps.internal.zzi
com.google.android.gms.maps.internal.zzi$zza
com.google.android.gms.maps.internal.zzi$zza$zza
com.google.android.gms.maps.internal.zzj
com.google.android.gms.maps.internal.zzj$zza
com.google.android.gms.maps.internal.zzj$zza$zza
com.google.android.gms.maps.internal.zzk
com.google.android.gms.maps.internal.zzk$zza
com.google.android.gms.maps.internal.zzk$zza$zza
com.google.android.gms.maps.internal.zzl
com.google.android.gms.maps.internal.zzl$zza
com.google.android.gms.maps.internal.zzl$zza$zza
com.google.android.gms.maps.internal.zzm
com.google.android.gms.maps.internal.zzm$zza
com.google.android.gms.maps.internal.zzm$zza$zza
com.google.android.gms.maps.internal.zzn
com.google.android.gms.maps.internal.zzn$zza
com.google.android.gms.maps.internal.zzn$zza$zza
com.google.android.gms.maps.internal.zzo
com.google.android.gms.maps.internal.zzo$zza
com.google.android.gms.maps.internal.zzo$zza$zza
com.google.android.gms.maps.internal.zzp
com.google.android.gms.maps.internal.zzp$zza
com.google.android.gms.maps.internal.zzp$zza$zza
com.google.android.gms.maps.internal.zzq
com.google.android.gms.maps.internal.zzq$zza
com.google.android.gms.maps.internal.zzq$zza$zza
com.google.android.gms.maps.internal.zzr
com.google.android.gms.maps.internal.zzr$zza
com.google.android.gms.maps.internal.zzr$zza$zza
com.google.android.gms.maps.internal.zzs
com.google.android.gms.maps.internal.zzs$zza
com.google.android.gms.maps.internal.zzs$zza$zza
com.google.android.gms.maps.internal.zzt
com.google.android.gms.maps.internal.zzt$zza
com.google.android.gms.maps.internal.zzt$zza$zza
com.google.android.gms.maps.internal.zzu
com.google.android.gms.maps.internal.zzu$zza
com.google.android.gms.maps.internal.zzu$zza$zza
com.google.android.gms.maps.internal.zzv
com.google.android.gms.maps.internal.zzv$zza
com.google.android.gms.maps.internal.zzv$zza$zza
com.google.android.gms.maps.internal.zzw
com.google.android.gms.maps.internal.zzw$zza
com.google.android.gms.maps.internal.zzw$zza$zza
com.google.android.gms.maps.internal.zzx
com.google.android.gms.maps.internal.zzx$zza
com.google.android.gms.maps.internal.zzx$zza$zza
com.google.android.gms.maps.internal.zzy
com.google.android.gms.maps.internal.zzy$zza
com.google.android.gms.maps.internal.zzy$zza$zza
com.google.android.gms.maps.internal.zzz
com.google.android.gms.maps.internal.zzz$zza
com.google.android.gms.maps.internal.zzz$zza$zza