Traveller Source Code/TRM Monitoring App/proguard/mapping.txt
com.bcits.cecsmrfinder.ArrearsRRnoCustomListAdapter -> j:
    android.content.Context context -> a
    org.json.JSONArray arr -> b
    android.view.LayoutInflater inflater -> c
    int getCount() -> getCount
    java.lang.Object getItem(int) -> getItem
    long getItemId(int) -> getItemId
    android.view.View getView(int,android.view.View,android.view.ViewGroup) -> getView
com.bcits.cecsmrfinder.ArrearsRRnoCustomListAdapter$1 -> k:
    com.bcits.cecsmrfinder.ArrearsRRnoCustomListAdapter this$0 -> a
    void onClick(android.view.View) -> onClick
com.bcits.cecsmrfinder.ArrearsRRnoCustomListAdapter$2 -> l:
    com.bcits.cecsmrfinder.ArrearsRRnoCustomListAdapter this$0 -> a
    org.json.JSONObject val$j -> b
    void onClick(android.view.View) -> onClick
com.bcits.cecsmrfinder.ArrearsRRnoCustomListAdapter$3 -> m:
    com.bcits.cecsmrfinder.ArrearsRRnoCustomListAdapter this$0 -> a
    org.json.JSONObject val$j -> b
    void onClick(android.view.View) -> onClick
com.bcits.cecsmrfinder.ArrearsRRnoCustomListAdapter$Holder -> n:
    android.widget.TextView rr_no -> a
    android.widget.TextView tariff -> b
    android.widget.TextView name -> c
    android.widget.ImageView map -> d
    android.widget.TextView arrears -> e
    android.widget.TextView rownumber -> f
    android.widget.TextView mrcode -> g
    com.bcits.cecsmrfinder.ArrearsRRnoCustomListAdapter this$0 -> h
com.bcits.cecsmrfinder.ArrearsRRnoListActivity -> com.bcits.cecsmrfinder.ArrearsRRnoListActivity:
    android.widget.ListView list -> a
    android.widget.TextView todaysdate -> b
    android.widget.TextView range -> c
    android.widget.TextView count -> d
    void onCreate(android.os.Bundle) -> onCreate
    boolean onCreateOptionsMenu(android.view.Menu) -> onCreateOptionsMenu
    boolean onOptionsItemSelected(android.view.MenuItem) -> onOptionsItemSelected
    void onBackPressed() -> onBackPressed
com.bcits.cecsmrfinder.ArrearsRRnoMapActivity -> com.bcits.cecsmrfinder.ArrearsRRnoMapActivity:
    com.google.android.gms.maps.model.LatLng MYSURU -> a
    com.google.android.gms.maps.GoogleMap map -> b
    void onCreate(android.os.Bundle) -> onCreate
    boolean onCreateOptionsMenu(android.view.Menu) -> onCreateOptionsMenu
    boolean onOptionsItemSelected(android.view.MenuItem) -> onOptionsItemSelected
    com.google.android.gms.maps.GoogleMap access$0(com.bcits.cecsmrfinder.ArrearsRRnoMapActivity) -> a
com.bcits.cecsmrfinder.ArrearsRRnoMapActivity$1 -> o:
    com.bcits.cecsmrfinder.ArrearsRRnoMapActivity this$0 -> a
    android.view.View getInfoWindow(com.google.android.gms.maps.model.Marker) -> a
    android.view.View getInfoContents(com.google.android.gms.maps.model.Marker) -> b
com.bcits.cecsmrfinder.ArrearsRRnoMapActivity$2 -> p:
    com.bcits.cecsmrfinder.ArrearsRRnoMapActivity this$0 -> a
    void onCheckedChanged(android.widget.RadioGroup,int) -> onCheckedChanged
com.bcits.cecsmrfinder.ArrearsRange -> com.bcits.cecsmrfinder.ArrearsRange:
...
com.google.android.gms.fitness.request.zzu -> com.google.android.gms.fitness.request.zzu:
    com.google.android.gms.fitness.request.ReadStatsRequest zzdz(android.os.Parcel) -> a
    com.google.android.gms.fitness.request.ReadStatsRequest[] zzfz(int) -> a
    void zza(com.google.android.gms.fitness.request.ReadStatsRequest,android.os.Parcel,int) -> a
    java.lang.Object[] newArray(int) -> newArray
    java.lang.Object createFromParcel(android.os.Parcel) -> createFromParcel
com.google.android.gms.fitness.request.zzv -> com.google.android.gms.fitness.request.zzv:
    com.google.android.gms.fitness.request.SensorRegistrationRequest zzdA(android.os.Parcel) -> a
    com.google.android.gms.fitness.request.SensorRegistrationRequest[] zzfA(int) -> a
    void zza(com.google.android.gms.fitness.request.SensorRegistrationRequest,android.os.Parcel,int) -> a
    java.lang.Object[] newArray(int) -> newArray
    java.lang.Object createFromParcel(android.os.Parcel) -> createFromParcel
com.google.android.gms.fitness.request.zzw -> com.google.android.gms.fitness.request.zzw:
    com.google.android.gms.fitness.request.SensorUnregistrationRequest zzdB(android.os.Parcel) -> a
    com.google.android.gms.fitness.request.SensorUnregistrationRequest[] zzfC(int) -> a
    void zza(com.google.android.gms.fitness.request.SensorUnregistrationRequest,android.os.Parcel,int) -> a
    java.lang.Object[] newArray(int) -> newArray
    java.lang.Object createFromParcel(android.os.Parcel) -> createFromParcel
com.google.android.gms.fitness.request.zzx -> com.google.android.gms.fitness.request.zzx:
    com.google.android.gms.fitness.request.SessionInsertRequest zzdC(android.os.Parcel) -> a
    com.google.android.gms.fitness.request.SessionInsertRequest[] zzfD(int) -> a
    void zza(com.google.android.gms.fitness.request.SessionInsertRequest,android.os.Parcel,int) -> a
    java.lang.Object[] newArray(int) -> newArray
    java.lang.Object createFromParcel(android.os.Parcel) -> createFromParcel
com.google.android.gms.fitness.request.zzy -> com.google.android.gms.fitness.request.zzy:
    com.google.android.gms.fitness.request.SessionReadRequest zzdD(android.os.Parcel) -> a
    com.google.android.gms.fitness.request.SessionReadRequest[] zzfE(int) -> a
    void zza(com.google.android.gms.fitness.request.SessionReadRequest,android.os.Parcel,int) -> a
    java.lang.Object[] newArray(int) -> newArray
    java.lang.Object createFromParcel(android.os.Parcel) -> createFromParcel
com.google.android.gms.fitness.request.zzz -> com.google.android.gms.fitness.request.zzz:
    com.google.android.gms.fitness.request.SessionRegistrationRequest zzdE(android.os.Parcel) -> a
    com.google.android.gms.fitness.request.SessionRegistrationRequest[] zzfF(int) -> a
    void zza(com.google.android.gms.fitness.request.SessionRegistrationRequest,android.os.Parcel,int) -> a
    java.lang.Object[] newArray(int) -> newArray
    java.lang.Object createFromParcel(android.os.Parcel) -> createFromParcel
com.google.android.gms.fitness.result.BleDevicesResult -> com.google.android.gms.fitness.result.BleDevicesResult:
    int mVersionCode -> a
    java.util.List zzaBE -> b
    com.google.android.gms.common.api.Status zzUX -> c
    android.os.Parcelable$Creator CREATOR -> CREATOR
    com.google.android.gms.fitness.result.BleDevicesResult zzQ(com.google.android.gms.common.api.Status) -> a
    java.util.List getClaimedBleDevices() -> b
    com.google.android.gms.common.api.Status getStatus() -> a
    boolean equals(java.lang.Object) -> equals
    boolean zzb(com.google.android.gms.fitness.result.BleDevicesResult) -> a
    int hashCode() -> hashCode
    java.lang.String toString() -> toString
    int getVersionCode() -> c
    int describeContents() -> describeContents
    void writeToParcel(android.os.Parcel,int) -> writeToParcel