Traveller Source Code/TRM Monitoring App/proguard/usage.txt
com.bcits.cecsmrfinder.ArrearsRRnoCustomListAdapter:
    org.json.JSONObject map
com.bcits.cecsmrfinder.BillingProgress$BillingProgressAsync
com.bcits.cecsmrfinder.BuildConfig
com.bcits.cecsmrfinder.ConsumerHistorySearch:
    android.widget.RadioGroup rg
com.bcits.cecsmrfinder.ContactUs:
    java.lang.String SDOCODE
    java.lang.String USER
    android.app.AlertDialog show
    android.app.ProgressDialog dialog
com.bcits.cecsmrfinder.CustomHistorySearchAdapter$Holder:
    android.widget.TextView address
    android.widget.TextView village
com.bcits.cecsmrfinder.CustomTicketListAdapter:
    android.widget.Spinner statuschange
com.bcits.cecsmrfinder.Dashboard:
    android.widget.LinearLayout linearDisconnection
    android.widget.LinearLayout linearConnection
    android.widget.LinearLayout linearMeterReplace
    android.widget.LinearLayout linaearNewMeter
    android.widget.LinearLayout contactusbtn
    android.widget.LinearLayout mapsurvery
    android.widget.LinearLayout downloadlayout
    android.widget.LinearLayout languagesettings
    android.widget.LinearLayout hide55
    android.widget.LinearLayout hide2
    android.widget.LinearLayout hide1
    android.widget.LinearLayout hide5
    public static int hideMenuList
    android.widget.LinearLayout LinarLayoutLocation1
    android.widget.LinearLayout LinearLayoutLocation
    android.widget.LinearLayout linearLayoutArreas
    android.widget.LinearLayout linearLayoutArreas2
    android.widget.LinearLayout linearLayoutArreas1
    java.util.ArrayList loclistdata
    java.util.ArrayList arreaslist
    java.util.ArrayList arreaslist1
    java.util.ArrayList arreaslist2
    android.widget.TextView textviewChanger
    android.widget.TextView maintext
    android.widget.RadioGroup radioGroup4
    android.app.ProgressDialog mProgressDialog
    android.widget.Spinner circle
    android.widget.Spinner locationSpinner
    android.widget.Spinner spinenrAreas1
    android.widget.Spinner spinenrAreas2
    android.widget.Spinner subdivision
    1341:1382:private void getSubdivision()
com.bcits.cecsmrfinder.Dashboard$14
com.bcits.cecsmrfinder.DetailedMRReportGrid:
    android.content.Context context
com.bcits.cecsmrfinder.DeviceStatusSearch:
    public static java.lang.String searchType
    android.widget.LinearLayout ll
com.bcits.cecsmrfinder.FloatingActionButton:
    79:89:public void hideFloatingActionButton()
    92:102:public void showFloatingActionButton()
    105:105:public boolean isHidden()
com.bcits.cecsmrfinder.FloatingActionButton$Builder:
    166:168:public com.bcits.cecsmrfinder.FloatingActionButton$Builder withButtonSize(int)
com.bcits.cecsmrfinder.FusedLocationService
com.bcits.cecsmrfinder.FusedLocationService$1
com.bcits.cecsmrfinder.Login:
    public static final java.lang.String MY_PREFS_NAME
    138:142:public void SavePreferences(java.lang.String,java.lang.String)
com.bcits.cecsmrfinder.Manifest
com.bcits.cecsmrfinder.Manifest$permission
com.bcits.cecsmrfinder.MapActivity:
    289:289:private double[] createRandLocation(double,double)
com.bcits.cecsmrfinder.MapSurvey:
    326:326:private double[] createRandLocation(double,double)
com.bcits.cecsmrfinder.MapSurveyArreas:
    347:347:private double[] createRandLocation(double,double)
com.bcits.cecsmrfinder.MapSurveyPerformance:
    android.widget.ArrayAdapter adapter
    java.util.ArrayList array
    java.lang.String fvalue
com.bcits.cecsmrfinder.MrSummaryActivity:
    java.util.ArrayList arrayComplaints
    com.sqlite.cescip.DBMrWiseBilling databasehandler
    com.bcits.utils.TransactionDOAdapter adaptContents
com.bcits.cecsmrfinder.MrSummaryActivity$BillingProgressAsync
com.bcits.cecsmrfinder.PhoneNumberTextWatcher
com.bcits.cecsmrfinder.R
com.bcits.cecsmrfinder.R$array
com.bcits.cecsmrfinder.R$attr
com.bcits.cecsmrfinder.R$color
com.bcits.cecsmrfinder.R$dimen
com.bcits.cecsmrfinder.R$drawable
com.bcits.cecsmrfinder.R$id
com.bcits.cecsmrfinder.R$integer
com.bcits.cecsmrfinder.R$layout
com.bcits.cecsmrfinder.R$menu
...
android.support.v4.content.CursorLoader:
    87:89:public CursorLoader(android.content.Context)
    99:106:public CursorLoader(android.content.Context,android.net.Uri,java.lang.String[],java.lang.String,java.lang.String[],java.lang.String)
    155:155:public android.net.Uri getUri()
    159:160:public void setUri(android.net.Uri)
    163:163:public java.lang.String[] getProjection()
    167:168:public void setProjection(java.lang.String[])
    171:171:public java.lang.String getSelection()
    175:176:public void setSelection(java.lang.String)
    179:179:public java.lang.String[] getSelectionArgs()
    183:184:public void setSelectionArgs(java.lang.String[])
    187:187:public java.lang.String getSortOrder()
    191:192:public void setSortOrder(java.lang.String)
android.support.v4.content.FileProvider:
    private static final java.lang.String META_DATA_FILE_PROVIDER_PATHS
    private static final java.lang.String TAG_ROOT_PATH
    private static final java.lang.String TAG_FILES_PATH
    private static final java.lang.String TAG_CACHE_PATH
    private static final java.lang.String TAG_EXTERNAL
    private static final java.lang.String ATTR_NAME
    private static final java.lang.String ATTR_PATH
    376:377:public static android.net.Uri getUriForFile(android.content.Context,java.lang.String,java.io.File)
android.support.v4.content.FileProvider$PathStrategy:
    public abstract android.net.Uri getUriForFile(java.io.File)
android.support.v4.content.FileProvider$SimplePathStrategy:
    662:692:public android.net.Uri getUriForFile(java.io.File)
android.support.v4.content.IntentCompat:
    public static final java.lang.String ACTION_EXTERNAL_APPLICATIONS_AVAILABLE
    public static final java.lang.String ACTION_EXTERNAL_APPLICATIONS_UNAVAILABLE
    public static final java.lang.String EXTRA_CHANGED_PACKAGE_LIST
    public static final java.lang.String EXTRA_CHANGED_UID_LIST
    public static final java.lang.String EXTRA_HTML_TEXT
    public static final int FLAG_ACTIVITY_TASK_ON_HOME
    public static final int FLAG_ACTIVITY_CLEAR_TASK
    221:221:public static android.content.Intent makeMainActivity(android.content.ComponentName)
    249:249:public static android.content.Intent makeMainSelectorActivity(java.lang.String,java.lang.String)
    266:266:public static android.content.Intent makeRestartActivityTask(android.content.ComponentName)
android.support.v4.content.IntentCompat$IntentCompatImpl:
    public abstract android.content.Intent makeMainActivity(android.content.ComponentName)
    public abstract android.content.Intent makeMainSelectorActivity(java.lang.String,java.lang.String)
    public abstract android.content.Intent makeRestartActivityTask(android.content.ComponentName)
android.support.v4.content.IntentCompat$IntentCompatImplBase:
    39:42:public android.content.Intent makeMainActivity(android.content.ComponentName)
    51:53:public android.content.Intent makeMainSelectorActivity(java.lang.String,java.lang.String)
    58:61:public android.content.Intent makeRestartActivityTask(android.content.ComponentName)
android.support.v4.content.IntentCompat$IntentCompatImplHC:
    68:68:public android.content.Intent makeMainActivity(android.content.ComponentName)
    72:72:public android.content.Intent makeRestartActivityTask(android.content.ComponentName)
android.support.v4.content.IntentCompat$IntentCompatImplIcsMr1:
    79:79:public android.content.Intent makeMainSelectorActivity(java.lang.String,java.lang.String)
android.support.v4.content.IntentCompatHoneycomb:
    24:24:public static android.content.Intent makeMainActivity(android.content.ComponentName)
    28:28:public static android.content.Intent makeRestartActivityTask(android.content.ComponentName)
android.support.v4.content.IntentCompatIcsMr1:
    24:24:public static android.content.Intent makeMainSelectorActivity(java.lang.String,java.lang.String)